This is pdfTeX, Version 3.14159265-2.6-1.40.21 (TeX Live 2020/W32TeX) (preloaded format=pdflatex 2020.11.2)  3 NOV 2020 00:50
entering extended mode
 restricted \write18 enabled.
 %&-line parsing enabled.
**main_edited.tex
(./main_edited.tex
LaTeX2e <2020-10-01> patch level 2
L3 programming layer <2020-10-27> xparse <2020-03-03> (c:/Users/yinwe/AppData/R
oaming/TinyTeX/texmf-dist/tex/latex/base/article.cls
Document Class: article 2020/04/10 v1.4m Standard LaTeX document class
(c:/Users/yinwe/AppData/Roaming/TinyTeX/texmf-dist/tex/latex/base/size10.clo
File: size10.clo 2020/04/10 v1.4m Standard LaTeX file (size option)
)
\c@part=\count175
\c@section=\count176
\c@subsection=\count177
\c@subsubsection=\count178
\c@paragraph=\count179
\c@subparagraph=\count180
\c@figure=\count181
\c@table=\count182
\abovecaptionskip=\skip47
\belowcaptionskip=\skip48
\bibindent=\dimen138
) (c:/Users/yinwe/AppData/Roaming/TinyTeX/texmf-dist/tex/latex/lm/lmodern.sty
Package: lmodern 2009/10/30 v1.6 Latin Modern Fonts
LaTeX Font Info:    Overwriting symbol font `operators' in version `normal'
(Font)                  OT1/cmr/m/n --> OT1/lmr/m/n on input line 22.
LaTeX Font Info:    Overwriting symbol font `letters' in version `normal'
(Font)                  OML/cmm/m/it --> OML/lmm/m/it on input line 23.
LaTeX Font Info:    Overwriting symbol font `symbols' in version `normal'
(Font)                  OMS/cmsy/m/n --> OMS/lmsy/m/n on input line 24.
LaTeX Font Info:    Overwriting symbol font `largesymbols' in version `normal'
(Font)                  OMX/cmex/m/n --> OMX/lmex/m/n on input line 25.
LaTeX Font Info:    Overwriting symbol font `operators' in version `bold'
(Font)                  OT1/cmr/bx/n --> OT1/lmr/bx/n on input line 26.
LaTeX Font Info:    Overwriting symbol font `letters' in version `bold'
(Font)                  OML/cmm/b/it --> OML/lmm/b/it on input line 27.
LaTeX Font Info:    Overwriting symbol font `symbols' in version `bold'
(Font)                  OMS/cmsy/b/n --> OMS/lmsy/b/n on input line 28.
LaTeX Font Info:    Overwriting symbol font `largesymbols' in version `bold'
(Font)                  OMX/cmex/m/n --> OMX/lmex/m/n on input line 29.
LaTeX Font Info:    Overwriting math alphabet `\mathbf' in version `normal'
(Font)                  OT1/cmr/bx/n --> OT1/lmr/bx/n on input line 31.
LaTeX Font Info:    Overwriting math alphabet `\mathsf' in version `normal'
(Font)                  OT1/cmss/m/n --> OT1/lmss/m/n on input line 32.
LaTeX Font Info:    Overwriting math alphabet `\mathit' in version `normal'
(Font)                  OT1/cmr/m/it --> OT1/lmr/m/it on input line 33.
LaTeX Font Info:    Overwriting math alphabet `\mathtt' in version `normal'
(Font)                  OT1/cmtt/m/n --> OT1/lmtt/m/n on input line 34.
LaTeX Font Info:    Overwriting math alphabet `\mathbf' in version `bold'
(Font)                  OT1/cmr/bx/n --> OT1/lmr/bx/n on input line 35.
LaTeX Font Info:    Overwriting math alphabet `\mathsf' in version `bold'
(Font)                  OT1/cmss/bx/n --> OT1/lmss/bx/n on input line 36.
LaTeX Font Info:    Overwriting math alphabet `\mathit' in version `bold'
(Font)                  OT1/cmr/bx/it --> OT1/lmr/bx/it on input line 37.
LaTeX Font Info:    Overwriting math alphabet `\mathtt' in version `bold'
(Font)                  OT1/cmtt/m/n --> OT1/lmtt/m/n on input line 38.
)
(c:/Users/yinwe/AppData/Roaming/TinyTeX/texmf-dist/tex/latex/amsfonts/amssymb.s
ty
Package: amssymb 2013/01/14 v3.01 AMS font symbols

(c:/Users/yinwe/AppData/Roaming/TinyTeX/texmf-dist/tex/latex/amsfonts/amsfonts.
sty
Package: amsfonts 2013/01/14 v3.01 Basic AMSFonts support
\@emptytoks=\toks15
\symAMSa=\mathgroup4
\symAMSb=\mathgroup5
LaTeX Font Info:    Redeclaring math symbol \hbar on input line 98.
LaTeX Font Info:    Overwriting math alphabet `\mathfrak' in version `bold'
(Font)                  U/euf/m/n --> U/euf/b/n on input line 106.
))
(c:/Users/yinwe/AppData/Roaming/TinyTeX/texmf-dist/tex/latex/amsmath/amsmath.st
y
Package: amsmath 2020/09/23 v2.17i AMS math features
\@mathmargin=\skip49
For additional information on amsmath, use the `?' option.

(c:/Users/yinwe/AppData/Roaming/TinyTeX/texmf-dist/tex/latex/amsmath/amstext.st
y
Package: amstext 2000/06/29 v2.01 AMS text

(c:/Users/yinwe/AppData/Roaming/TinyTeX/texmf-dist/tex/latex/amsmath/amsgen.sty
File: amsgen.sty 1999/11/30 v2.0 generic functions
\@emptytoks=\toks16
\ex@=\dimen139
))
(c:/Users/yinwe/AppData/Roaming/TinyTeX/texmf-dist/tex/latex/amsmath/amsbsy.sty
Package: amsbsy 1999/11/29 v1.2d Bold Symbols
\pmbraise@=\dimen140
)
(c:/Users/yinwe/AppData/Roaming/TinyTeX/texmf-dist/tex/latex/amsmath/amsopn.sty
Package: amsopn 2016/03/08 v2.02 operator names
)
\inf@bad=\count183
LaTeX Info: Redefining \frac on input line 234.
\uproot@=\count184
\leftroot@=\count185
LaTeX Info: Redefining \overline on input line 399.
\classnum@=\count186
\DOTSCASE@=\count187
LaTeX Info: Redefining \ldots on input line 496.
LaTeX Info: Redefining \dots on input line 499.
LaTeX Info: Redefining \cdots on input line 620.
\Mathstrutbox@=\box47
\strutbox@=\box48
\big@size=\dimen141
LaTeX Font Info:    Redeclaring font encoding OML on input line 743.
LaTeX Font Info:    Redeclaring font encoding OMS on input line 744.
\macc@depth=\count188
\c@MaxMatrixCols=\count189
\dotsspace@=\muskip16
\c@parentequation=\count190
\dspbrk@lvl=\count191
\tag@help=\toks17
\row@=\count192
\column@=\count193
\maxfields@=\count194
\andhelp@=\toks18
\eqnshift@=\dimen142
\alignsep@=\dimen143
\tagshift@=\dimen144
\tagwidth@=\dimen145
\totwidth@=\dimen146
\lineht@=\dimen147
\@envbody=\toks19
\multlinegap=\skip50
\multlinetaggap=\skip51
\mathdisplay@stack=\toks20
LaTeX Info: Redefining \[ on input line 2923.
LaTeX Info: Redefining \] on input line 2924.
)
(c:/Users/yinwe/AppData/Roaming/TinyTeX/texmf-dist/tex/generic/iftex/ifxetex.st
y
Package: ifxetex 2019/10/25 v0.7 ifxetex legacy package. Use iftex instead.
(c:/Users/yinwe/AppData/Roaming/TinyTeX/texmf-dist/tex/generic/iftex/iftex.sty
Package: iftex 2020/03/06 v1.0d TeX engine tests
))
(c:/Users/yinwe/AppData/Roaming/TinyTeX/texmf-dist/tex/generic/iftex/ifluatex.s
ty
Package: ifluatex 2019/10/25 v1.5 ifluatex legacy package. Use iftex instead.
) (c:/Users/yinwe/AppData/Roaming/TinyTeX/texmf-dist/tex/latex/base/fontenc.sty
Package: fontenc 2020/08/10 v2.0s Standard LaTeX package
LaTeX Font Info:    Trying to load font information for T1+lmr on input line 11
2.
(c:/Users/yinwe/AppData/Roaming/TinyTeX/texmf-dist/tex/latex/lm/t1lmr.fd
File: t1lmr.fd 2009/10/30 v1.6 Font defs for Latin Modern
)) (c:/Users/yinwe/AppData/Roaming/TinyTeX/texmf-dist/tex/latex/base/inputenc.s
ty
Package: inputenc 2020/08/01 v1.3d Input encoding file
\inpenc@prehook=\toks21
\inpenc@posthook=\toks22
) (c:/Users/yinwe/AppData/Roaming/TinyTeX/texmf-dist/tex/latex/base/textcomp.st
y
Package: textcomp 2020/02/02 v2.0n Standard LaTeX package
) (c:/Users/yinwe/AppData/Roaming/TinyTeX/texmf-dist/tex/latex/xcolor/xcolor.st
y
Package: xcolor 2016/05/11 v2.12 LaTeX color extensions (UK)

(c:/Users/yinwe/AppData/Roaming/TinyTeX/texmf-dist/tex/latex/graphics-cfg/color
.cfg
File: color.cfg 2016/01/02 v1.6 sample color configuration
)
Package xcolor Info: Driver file: pdftex.def on input line 225.

(c:/Users/yinwe/AppData/Roaming/TinyTeX/texmf-dist/tex/latex/graphics-def/pdfte
x.def
File: pdftex.def 2020/10/05 v1.2a Graphics/color driver for pdftex
)
Package xcolor Info: Model `cmy' substituted by `cmy0' on input line 1348.
Package xcolor Info: Model `hsb' substituted by `rgb' on input line 1352.
Package xcolor Info: Model `RGB' extended on input line 1364.
Package xcolor Info: Model `HTML' substituted by `rgb' on input line 1366.
Package xcolor Info: Model `Hsb' substituted by `hsb' on input line 1367.
Package xcolor Info: Model `tHsb' substituted by `hsb' on input line 1368.
Package xcolor Info: Model `HSB' substituted by `hsb' on input line 1369.
Package xcolor Info: Model `Gray' substituted by `gray' on input line 1370.
Package xcolor Info: Model `wave' substituted by `hsb' on input line 1371.
)
(c:/Users/yinwe/AppData/Roaming/TinyTeX/texmf-dist/tex/latex/hyperref/hyperref.
sty
Package: hyperref 2020-05-15 v7.00e Hypertext links for LaTeX

(c:/Users/yinwe/AppData/Roaming/TinyTeX/texmf-dist/tex/generic/ltxcmds/ltxcmds.
sty
Package: ltxcmds 2020-05-10 v1.25 LaTeX kernel commands for general use (HO)
)
(c:/Users/yinwe/AppData/Roaming/TinyTeX/texmf-dist/tex/generic/pdftexcmds/pdfte
xcmds.sty
Package: pdftexcmds 2020-06-27 v0.33 Utility functions of pdfTeX for LuaTeX (HO
)

(c:/Users/yinwe/AppData/Roaming/TinyTeX/texmf-dist/tex/generic/infwarerr/infwar
err.sty
Package: infwarerr 2019/12/03 v1.5 Providing info/warning/error messages (HO)
)
Package pdftexcmds Info: \pdf@primitive is available.
Package pdftexcmds Info: \pdf@ifprimitive is available.
Package pdftexcmds Info: \pdfdraftmode found.
)
(c:/Users/yinwe/AppData/Roaming/TinyTeX/texmf-dist/tex/latex/graphics/keyval.st
y
Package: keyval 2014/10/28 v1.15 key=value parser (DPC)
\KV@toks@=\toks23
)
(c:/Users/yinwe/AppData/Roaming/TinyTeX/texmf-dist/tex/generic/kvsetkeys/kvsetk
eys.sty
Package: kvsetkeys 2019/12/15 v1.18 Key value parser (HO)
)
(c:/Users/yinwe/AppData/Roaming/TinyTeX/texmf-dist/tex/generic/kvdefinekeys/kvd
efinekeys.sty
Package: kvdefinekeys 2019-12-19 v1.6 Define keys (HO)
)
(c:/Users/yinwe/AppData/Roaming/TinyTeX/texmf-dist/tex/generic/pdfescape/pdfesc
ape.sty
Package: pdfescape 2019/12/09 v1.15 Implements pdfTeX's escape features (HO)
)
(c:/Users/yinwe/AppData/Roaming/TinyTeX/texmf-dist/tex/latex/hycolor/hycolor.st
y
Package: hycolor 2020-01-27 v1.10 Color options for hyperref/bookmark (HO)
)
(c:/Users/yinwe/AppData/Roaming/TinyTeX/texmf-dist/tex/latex/letltxmacro/letltx
macro.sty
Package: letltxmacro 2019/12/03 v1.6 Let assignment for LaTeX macros (HO)
)
(c:/Users/yinwe/AppData/Roaming/TinyTeX/texmf-dist/tex/latex/auxhook/auxhook.st
y
Package: auxhook 2019-12-17 v1.6 Hooks for auxiliary files (HO)
)
(c:/Users/yinwe/AppData/Roaming/TinyTeX/texmf-dist/tex/latex/kvoptions/kvoption
s.sty
Package: kvoptions 2020-10-07 v3.14 Key value format for package options (HO)
)
\@linkdim=\dimen148
\Hy@linkcounter=\count195
\Hy@pagecounter=\count196

(c:/Users/yinwe/AppData/Roaming/TinyTeX/texmf-dist/tex/latex/hyperref/pd1enc.de
f
File: pd1enc.def 2020-05-15 v7.00e Hyperref: PDFDocEncoding definition (HO)
Now handling font encoding PD1 ...
... no UTF-8 mapping file for font encoding PD1
)
(c:/Users/yinwe/AppData/Roaming/TinyTeX/texmf-dist/tex/generic/intcalc/intcalc.
sty
Package: intcalc 2019/12/15 v1.3 Expandable calculations with integers (HO)
)
(c:/Users/yinwe/AppData/Roaming/TinyTeX/texmf-dist/tex/generic/etexcmds/etexcmd
s.sty
Package: etexcmds 2019/12/15 v1.7 Avoid name clashes with e-TeX commands (HO)
)
\Hy@SavedSpaceFactor=\count197
Package hyperref Info: Option `unicode' set `true' on input line 4338.

(c:/Users/yinwe/AppData/Roaming/TinyTeX/texmf-dist/tex/latex/hyperref/puenc.def
File: puenc.def 2020-05-15 v7.00e Hyperref: PDF Unicode definition (HO)
Now handling font encoding PU ...
... no UTF-8 mapping file for font encoding PU
)
Package hyperref Info: Hyper figures OFF on input line 4464.
Package hyperref Info: Link nesting OFF on input line 4469.
Package hyperref Info: Hyper index ON on input line 4472.
Package hyperref Info: Plain pages OFF on input line 4479.
Package hyperref Info: Backreferencing OFF on input line 4484.
Package hyperref Info: Implicit mode ON; LaTeX internals redefined.
Package hyperref Info: Bookmarks ON on input line 4717.
\c@Hy@tempcnt=\count198
(c:/Users/yinwe/AppData/Roaming/TinyTeX/texmf-dist/tex/latex/url/url.sty
\Urlmuskip=\muskip17
Package: url 2013/09/16  ver 3.4  Verb mode for urls, etc.
)
LaTeX Info: Redefining \url on input line 5076.
\XeTeXLinkMargin=\dimen149

(c:/Users/yinwe/AppData/Roaming/TinyTeX/texmf-dist/tex/generic/bitset/bitset.st
y
Package: bitset 2019/12/09 v1.3 Handle bit-vector datatype (HO)

(c:/Users/yinwe/AppData/Roaming/TinyTeX/texmf-dist/tex/generic/bigintcalc/bigin
tcalc.sty
Package: bigintcalc 2019/12/15 v1.5 Expandable calculations on big integers (HO
)
))
\Fld@menulength=\count199
\Field@Width=\dimen150
\Fld@charsize=\dimen151
Package hyperref Info: Hyper figures OFF on input line 6347.
Package hyperref Info: Link nesting OFF on input line 6352.
Package hyperref Info: Hyper index ON on input line 6355.
Package hyperref Info: backreferencing OFF on input line 6362.
Package hyperref Info: Link coloring OFF on input line 6367.
Package hyperref Info: Link coloring with OCG OFF on input line 6372.
Package hyperref Info: PDF/A mode OFF on input line 6377.
LaTeX Info: Redefining \ref on input line 6417.
LaTeX Info: Redefining \pageref on input line 6421.

(c:/Users/yinwe/AppData/Roaming/TinyTeX/texmf-dist/tex/latex/base/atbegshi-ltx.
sty
Package: atbegshi-ltx 2020/08/17 v1.0a Emulation of the original atbegshi packa
ge
with kernel methods
)
\Hy@abspage=\count266
\c@Item=\count267
\c@Hfootnote=\count268
)
Package hyperref Info: Driver (autodetected): hpdftex.

(c:/Users/yinwe/AppData/Roaming/TinyTeX/texmf-dist/tex/latex/hyperref/hpdftex.d
ef
File: hpdftex.def 2020-05-15 v7.00e Hyperref driver for pdfTeX

(c:/Users/yinwe/AppData/Roaming/TinyTeX/texmf-dist/tex/latex/base/atveryend-ltx
.sty
Package: atveryend-ltx 2020/08/19 v1.0a Emulation of the original atvery packag
e
with kernel methods
)
\Fld@listcount=\count269
\c@bookmark@seq@number=\count270

(c:/Users/yinwe/AppData/Roaming/TinyTeX/texmf-dist/tex/latex/rerunfilecheck/rer
unfilecheck.sty
Package: rerunfilecheck 2019/12/05 v1.9 Rerun checks for auxiliary files (HO)

(c:/Users/yinwe/AppData/Roaming/TinyTeX/texmf-dist/tex/generic/uniquecounter/un
iquecounter.sty
Package: uniquecounter 2019/12/15 v1.4 Provide unlimited unique counter (HO)
)
Package uniquecounter Info: New unique counter `rerunfilecheck' on input line 2
86.
)
\Hy@SectionHShift=\skip52
)
(c:/Users/yinwe/AppData/Roaming/TinyTeX/texmf-dist/tex/latex/geometry/geometry.
sty
Package: geometry 2020/01/02 v5.9 Page Geometry

(c:/Users/yinwe/AppData/Roaming/TinyTeX/texmf-dist/tex/generic/iftex/ifvtex.sty
Package: ifvtex 2019/10/25 v1.7 ifvtex legacy package. Use iftex instead.
)
\Gm@cnth=\count271
\Gm@cntv=\count272
\c@Gm@tempcnt=\count273
\Gm@bindingoffset=\dimen152
\Gm@wd@mp=\dimen153
\Gm@odd@mp=\dimen154
\Gm@even@mp=\dimen155
\Gm@layoutwidth=\dimen156
\Gm@layoutheight=\dimen157
\Gm@layouthoffset=\dimen158
\Gm@layoutvoffset=\dimen159
\Gm@dimlist=\toks24
)
(c:/Users/yinwe/AppData/Roaming/TinyTeX/texmf-dist/tex/latex/fancyvrb/fancyvrb.
sty
Package: fancyvrb 2020/05/03 v3.6 verbatim text (tvz,hv)
\FV@CodeLineNo=\count274
\FV@InFile=\read2
\FV@TabBox=\box49
\c@FancyVerbLine=\count275
\FV@StepNumber=\count276
\FV@OutFile=\write3
) (c:/Users/yinwe/AppData/Roaming/TinyTeX/texmf-dist/tex/latex/framed/framed.st
y
Package: framed 2011/10/22 v 0.96: framed or shaded text with page breaks
\OuterFrameSep=\skip53
\fb@frw=\dimen160
\fb@frh=\dimen161
\FrameRule=\dimen162
\FrameSep=\dimen163
)
(c:/Users/yinwe/AppData/Roaming/TinyTeX/texmf-dist/tex/latex/graphics/graphicx.
sty
Package: graphicx 2020/09/09 v1.2b Enhanced LaTeX Graphics (DPC,SPQR)

(c:/Users/yinwe/AppData/Roaming/TinyTeX/texmf-dist/tex/latex/graphics/graphics.
sty
Package: graphics 2020/08/30 v1.4c Standard LaTeX Graphics (DPC,SPQR)
(c:/Users/yinwe/AppData/Roaming/TinyTeX/texmf-dist/tex/latex/graphics/trig.sty
Package: trig 2016/01/03 v1.10 sin cos tan (DPC)
)
(c:/Users/yinwe/AppData/Roaming/TinyTeX/texmf-dist/tex/latex/graphics-cfg/graph
ics.cfg
File: graphics.cfg 2016/06/04 v1.11 sample graphics configuration
)
Package graphics Info: Driver file: pdftex.def on input line 105.
)
\Gin@req@height=\dimen164
\Gin@req@width=\dimen165
)
(c:/Users/yinwe/AppData/Roaming/TinyTeX/texmf-dist/tex/latex/grffile/grffile.st
y
Package: grffile 2019/11/11 v2.1 Extended file name support for graphics (legac
y)
Package grffile Info: This package is an empty stub for compatibility on input 
line 40.
)
(c:/Users/yinwe/AppData/Roaming/TinyTeX/texmf-dist/tex/latex/l3backend/l3backen
d-pdftex.def
File: l3backend-pdftex.def 2020-09-24 L3 backend support: PDF output (pdfTeX)
\l__kernel_color_stack_int=\count277
\l__pdf_internal_box=\box50
) (./main_edited.aux)
\openout1 = `main_edited.aux'.

LaTeX Font Info:    Checking defaults for OML/cmm/m/it on input line 107.
LaTeX Font Info:    ... okay on input line 107.
LaTeX Font Info:    Checking defaults for OMS/cmsy/m/n on input line 107.
LaTeX Font Info:    ... okay on input line 107.
LaTeX Font Info:    Checking defaults for OT1/cmr/m/n on input line 107.
LaTeX Font Info:    ... okay on input line 107.
LaTeX Font Info:    Checking defaults for T1/cmr/m/n on input line 107.
LaTeX Font Info:    ... okay on input line 107.
LaTeX Font Info:    Checking defaults for TS1/cmr/m/n on input line 107.
LaTeX Font Info:    ... okay on input line 107.
LaTeX Font Info:    Checking defaults for OMX/cmex/m/n on input line 107.
LaTeX Font Info:    ... okay on input line 107.
LaTeX Font Info:    Checking defaults for U/cmr/m/n on input line 107.
LaTeX Font Info:    ... okay on input line 107.
LaTeX Font Info:    Checking defaults for PD1/pdf/m/n on input line 107.
LaTeX Font Info:    ... okay on input line 107.
LaTeX Font Info:    Checking defaults for PU/pdf/m/n on input line 107.
LaTeX Font Info:    ... okay on input line 107.

(c:/Users/yinwe/AppData/Roaming/TinyTeX/texmf-dist/tex/latex/epstopdf-pkg/epsto
pdf-base.sty
Package: epstopdf-base 2020-01-24 v2.11 Base part for package epstopdf
Package epstopdf-base Info: Redefining graphics rule for `.eps' on input line 4
85.

(c:/Users/yinwe/AppData/Roaming/TinyTeX/texmf-dist/tex/latex/latexconfig/epstop
df-sys.cfg
File: epstopdf-sys.cfg 2010/07/13 v1.3 Configuration of (r)epstopdf for TeX Liv
e
))
Package hyperref Info: Link coloring OFF on input line 107.

(c:/Users/yinwe/AppData/Roaming/TinyTeX/texmf-dist/tex/latex/hyperref/nameref.s
ty
Package: nameref 2019/09/16 v2.46 Cross-referencing by name of section

(c:/Users/yinwe/AppData/Roaming/TinyTeX/texmf-dist/tex/latex/refcount/refcount.
sty
Package: refcount 2019/12/15 v3.6 Data extraction from label references (HO)
)
(c:/Users/yinwe/AppData/Roaming/TinyTeX/texmf-dist/tex/generic/gettitlestring/g
ettitlestring.sty
Package: gettitlestring 2019/12/15 v1.6 Cleanup title references (HO)
)
\c@section@level=\count278
)
LaTeX Info: Redefining \ref on input line 107.
LaTeX Info: Redefining \pageref on input line 107.
LaTeX Info: Redefining \nameref on input line 107.
(./main_edited.out) (./main_edited.out)
\@outlinefile=\write4
\openout4 = `main_edited.out'.

*geometry* driver: auto-detecting
*geometry* detected driver: pdftex
*geometry* verbose mode - [ preamble ] result:
* driver: pdftex
* paper: <default>
* layout: <same size as paper>
* layoutoffset:(h,v)=(0.0pt,0.0pt)
* modes: 
* h-part:(L,W,R)=(72.26999pt, 469.75502pt, 72.26999pt)
* v-part:(T,H,B)=(72.26999pt, 650.43001pt, 72.26999pt)
* \paperwidth=614.295pt
* \paperheight=794.96999pt
* \textwidth=469.75502pt
* \textheight=650.43001pt
* \oddsidemargin=0.0pt
* \evensidemargin=0.0pt
* \topmargin=-37.0pt
* \headheight=12.0pt
* \headsep=25.0pt
* \topskip=10.0pt
* \footskip=30.0pt
* \marginparwidth=65.0pt
* \marginparsep=11.0pt
* \columnsep=10.0pt
* \skip\footins=9.0pt plus 4.0pt minus 2.0pt
* \hoffset=0.0pt
* \voffset=0.0pt
* \mag=1000
* \@twocolumnfalse
* \@twosidefalse
* \@mparswitchfalse
* \@reversemarginfalse
* (1in=72.27pt=25.4mm, 1cm=28.453pt)

LaTeX Font Info:    Trying to load font information for OT1+lmr on input line 1
09.
(c:/Users/yinwe/AppData/Roaming/TinyTeX/texmf-dist/tex/latex/lm/ot1lmr.fd
File: ot1lmr.fd 2009/10/30 v1.6 Font defs for Latin Modern
)
LaTeX Font Info:    Trying to load font information for OML+lmm on input line 1
09.
(c:/Users/yinwe/AppData/Roaming/TinyTeX/texmf-dist/tex/latex/lm/omllmm.fd
File: omllmm.fd 2009/10/30 v1.6 Font defs for Latin Modern
)
LaTeX Font Info:    Trying to load font information for OMS+lmsy on input line 
109.
(c:/Users/yinwe/AppData/Roaming/TinyTeX/texmf-dist/tex/latex/lm/omslmsy.fd
File: omslmsy.fd 2009/10/30 v1.6 Font defs for Latin Modern
)
LaTeX Font Info:    Trying to load font information for OMX+lmex on input line 
109.
(c:/Users/yinwe/AppData/Roaming/TinyTeX/texmf-dist/tex/latex/lm/omxlmex.fd
File: omxlmex.fd 2009/10/30 v1.6 Font defs for Latin Modern
)
LaTeX Font Info:    External font `lmex10' loaded for size
(Font)              <12> on input line 109.
LaTeX Font Info:    External font `lmex10' loaded for size
(Font)              <8> on input line 109.
LaTeX Font Info:    External font `lmex10' loaded for size
(Font)              <6> on input line 109.
LaTeX Font Info:    Trying to load font information for U+msa on input line 109
.
(c:/Users/yinwe/AppData/Roaming/TinyTeX/texmf-dist/tex/latex/amsfonts/umsa.fd
File: umsa.fd 2013/01/14 v3.01 AMS symbols A
)
LaTeX Font Info:    Trying to load font information for U+msb on input line 109
.
(c:/Users/yinwe/AppData/Roaming/TinyTeX/texmf-dist/tex/latex/amsfonts/umsb.fd
File: umsb.fd 2013/01/14 v3.01 AMS symbols B
)

Package hyperref Warning: Difference (2) between bookmark levels is greater 
(hyperref)                than one, level fixed on input line 133.

LaTeX Font Info:    Trying to load font information for T1+lmtt on input line 1
36.
(c:/Users/yinwe/AppData/Roaming/TinyTeX/texmf-dist/tex/latex/lm/t1lmtt.fd
File: t1lmtt.fd 2009/10/30 v1.6 Font defs for Latin Modern
)
LaTeX Font Info:    Font shape `T1/lmtt/bx/n' in size <10> not available
(Font)              Font shape `T1/lmtt/b/n' tried instead on input line 137.
LaTeX Font Info:    Trying to load font information for TS1+lmr on input line 1
73.
(c:/Users/yinwe/AppData/Roaming/TinyTeX/texmf-dist/tex/latex/lm/ts1lmr.fd
File: ts1lmr.fd 2009/10/30 v1.6 Font defs for Latin Modern
) [1

{c:/Users/yinwe/AppData/Roaming/TinyTeX/texmf-var/fonts/map/pdftex/updmap/pdfte
x.map}] [2] [3]
<../figs/feature_visualization.jpg, id=137, 1500.60625pt x 2633.84pt>
File: ../figs/feature_visualization.jpg Graphic file (type jpg)
<use ../figs/feature_visualization.jpg>
Package pdftex.def Info: ../figs/feature_visualization.jpg  used on input line 
333.
(pdftex.def)             Requested size: 370.57117pt x 650.42058pt.

LaTeX Warning: Float too large for page by 23.935pt on input line 335.

[4] [5 <../figs/feature_visualization.jpg>] [6]
<main_edited_files/figure-latex/cv_vis_gbm-1.pdf, id=158, 469.755pt x 325.215pt
>
File: main_edited_files/figure-latex/cv_vis_gbm-1.pdf Graphic file (type pdf)
<use main_edited_files/figure-latex/cv_vis_gbm-1.pdf>
Package pdftex.def Info: main_edited_files/figure-latex/cv_vis_gbm-1.pdf  used 
on input line 492.
(pdftex.def)             Requested size: 469.75386pt x 325.2142pt.
<main_edited_files/figure-latex/cv_vis_gbm-2.pdf, id=159, 469.755pt x 325.215pt
>
File: main_edited_files/figure-latex/cv_vis_gbm-2.pdf Graphic file (type pdf)
<use main_edited_files/figure-latex/cv_vis_gbm-2.pdf>
Package pdftex.def Info: main_edited_files/figure-latex/cv_vis_gbm-2.pdf  used 
on input line 502.
(pdftex.def)             Requested size: 469.75386pt x 325.2142pt.
[7 <./main_edited_files/figure-latex/cv_vis_gbm-1.pdf>]
<main_edited_files/figure-latex/cv_vis_gbm-3.pdf, id=172, 469.755pt x 325.215pt
>
File: main_edited_files/figure-latex/cv_vis_gbm-3.pdf Graphic file (type pdf)
<use main_edited_files/figure-latex/cv_vis_gbm-3.pdf>
Package pdftex.def Info: main_edited_files/figure-latex/cv_vis_gbm-3.pdf  used 
on input line 515.
(pdftex.def)             Requested size: 469.75386pt x 325.2142pt.
[8 <./main_edited_files/figure-latex/cv_vis_gbm-2.pdf>]
<main_edited_files/figure-latex/cv_vis_gbm-4.pdf, id=183, 469.755pt x 325.215pt
>
File: main_edited_files/figure-latex/cv_vis_gbm-4.pdf Graphic file (type pdf)
<use main_edited_files/figure-latex/cv_vis_gbm-4.pdf>
Package pdftex.def Info: main_edited_files/figure-latex/cv_vis_gbm-4.pdf  used 
on input line 527.
(pdftex.def)             Requested size: 469.75386pt x 325.2142pt.
[9 <./main_edited_files/figure-latex/cv_vis_gbm-3.pdf>]
<main_edited_files/figure-latex/cv_vis_gbm-5.pdf, id=193, 469.755pt x 325.215pt
>
File: main_edited_files/figure-latex/cv_vis_gbm-5.pdf Graphic file (type pdf)
<use main_edited_files/figure-latex/cv_vis_gbm-5.pdf>
Package pdftex.def Info: main_edited_files/figure-latex/cv_vis_gbm-5.pdf  used 
on input line 539.
(pdftex.def)             Requested size: 469.75386pt x 325.2142pt.
[10 <./main_edited_files/figure-latex/cv_vis_gbm-4.pdf>]
<main_edited_files/figure-latex/cv_vis_gbm-6.pdf, id=203, 469.755pt x 325.215pt
>
File: main_edited_files/figure-latex/cv_vis_gbm-6.pdf Graphic file (type pdf)
<use main_edited_files/figure-latex/cv_vis_gbm-6.pdf>
Package pdftex.def Info: main_edited_files/figure-latex/cv_vis_gbm-6.pdf  used 
on input line 552.
(pdftex.def)             Requested size: 469.75386pt x 325.2142pt.
[11 <./main_edited_files/figure-latex/cv_vis_gbm-5.pdf>]
<main_edited_files/figure-latex/cv_vis_gbm-7.pdf, id=213, 469.755pt x 325.215pt
>
File: main_edited_files/figure-latex/cv_vis_gbm-7.pdf Graphic file (type pdf)
<use main_edited_files/figure-latex/cv_vis_gbm-7.pdf>
Package pdftex.def Info: main_edited_files/figure-latex/cv_vis_gbm-7.pdf  used 
on input line 564.
(pdftex.def)             Requested size: 469.75386pt x 325.2142pt.
[12 <./main_edited_files/figure-latex/cv_vis_gbm-6.pdf>]
<main_edited_files/figure-latex/cv_vis_gbm-8.pdf, id=223, 469.755pt x 325.215pt
>
File: main_edited_files/figure-latex/cv_vis_gbm-8.pdf Graphic file (type pdf)
<use main_edited_files/figure-latex/cv_vis_gbm-8.pdf>
Package pdftex.def Info: main_edited_files/figure-latex/cv_vis_gbm-8.pdf  used 
on input line 576.
(pdftex.def)             Requested size: 469.75386pt x 325.2142pt.
[13 <./main_edited_files/figure-latex/cv_vis_gbm-7.pdf>] [14 <./main_edited_fil
es/figure-latex/cv_vis_gbm-8.pdf>] [15] [16] [17]
<main_edited_files/figure-latex/cv_vis_xgboost-1.pdf, id=262, 469.755pt x 325.2
15pt>
File: main_edited_files/figure-latex/cv_vis_xgboost-1.pdf Graphic file (type pd
f)
<use main_edited_files/figure-latex/cv_vis_xgboost-1.pdf>
Package pdftex.def Info: main_edited_files/figure-latex/cv_vis_xgboost-1.pdf  u
sed on input line 838.
(pdftex.def)             Requested size: 469.75386pt x 325.2142pt.
<main_edited_files/figure-latex/cv_vis_xgboost-2.pdf, id=263, 469.755pt x 325.2
15pt>
File: main_edited_files/figure-latex/cv_vis_xgboost-2.pdf Graphic file (type pd
f)
<use main_edited_files/figure-latex/cv_vis_xgboost-2.pdf>
Package pdftex.def Info: main_edited_files/figure-latex/cv_vis_xgboost-2.pdf  u
sed on input line 848.
(pdftex.def)             Requested size: 469.75386pt x 325.2142pt.
[18 <./main_edited_files/figure-latex/cv_vis_xgboost-1.pdf>]
<main_edited_files/figure-latex/cv_vis_xgboost-3.pdf, id=274, 469.755pt x 325.2
15pt>
File: main_edited_files/figure-latex/cv_vis_xgboost-3.pdf Graphic file (type pd
f)
<use main_edited_files/figure-latex/cv_vis_xgboost-3.pdf>
Package pdftex.def Info: main_edited_files/figure-latex/cv_vis_xgboost-3.pdf  u
sed on input line 859.
(pdftex.def)             Requested size: 469.75386pt x 325.2142pt.
[19 <./main_edited_files/figure-latex/cv_vis_xgboost-2.pdf>]
<main_edited_files/figure-latex/cv_vis_xgboost-4.pdf, id=286, 469.755pt x 325.2
15pt>
File: main_edited_files/figure-latex/cv_vis_xgboost-4.pdf Graphic file (type pd
f)
<use main_edited_files/figure-latex/cv_vis_xgboost-4.pdf>
Package pdftex.def Info: main_edited_files/figure-latex/cv_vis_xgboost-4.pdf  u
sed on input line 869.
(pdftex.def)             Requested size: 469.75386pt x 325.2142pt.
[20 <./main_edited_files/figure-latex/cv_vis_xgboost-3.pdf>]
<main_edited_files/figure-latex/cv_vis_xgboost-5.pdf, id=297, 469.755pt x 325.2
15pt>
File: main_edited_files/figure-latex/cv_vis_xgboost-5.pdf Graphic file (type pd
f)
<use main_edited_files/figure-latex/cv_vis_xgboost-5.pdf>
Package pdftex.def Info: main_edited_files/figure-latex/cv_vis_xgboost-5.pdf  u
sed on input line 882.
(pdftex.def)             Requested size: 469.75386pt x 325.2142pt.
[21 <./main_edited_files/figure-latex/cv_vis_xgboost-4.pdf>]
<main_edited_files/figure-latex/cv_vis_xgboost-6.pdf, id=308, 469.755pt x 325.2
15pt>
File: main_edited_files/figure-latex/cv_vis_xgboost-6.pdf Graphic file (type pd
f)
<use main_edited_files/figure-latex/cv_vis_xgboost-6.pdf>
Package pdftex.def Info: main_edited_files/figure-latex/cv_vis_xgboost-6.pdf  u
sed on input line 894.
(pdftex.def)             Requested size: 469.75386pt x 325.2142pt.
[22 <./main_edited_files/figure-latex/cv_vis_xgboost-5.pdf>]
<main_edited_files/figure-latex/cv_vis_xgboost-7.pdf, id=319, 469.755pt x 325.2
15pt>
File: main_edited_files/figure-latex/cv_vis_xgboost-7.pdf Graphic file (type pd
f)
<use main_edited_files/figure-latex/cv_vis_xgboost-7.pdf>
Package pdftex.def Info: main_edited_files/figure-latex/cv_vis_xgboost-7.pdf  u
sed on input line 906.
(pdftex.def)             Requested size: 469.75386pt x 325.2142pt.
[23 <./main_edited_files/figure-latex/cv_vis_xgboost-6.pdf>]
<main_edited_files/figure-latex/cv_vis_xgboost-8.pdf, id=329, 469.755pt x 325.2
15pt>
File: main_edited_files/figure-latex/cv_vis_xgboost-8.pdf Graphic file (type pd
f)
<use main_edited_files/figure-latex/cv_vis_xgboost-8.pdf>
Package pdftex.def Info: main_edited_files/figure-latex/cv_vis_xgboost-8.pdf  u
sed on input line 919.
(pdftex.def)             Requested size: 469.75386pt x 325.2142pt.
[24 <./main_edited_files/figure-latex/cv_vis_xgboost-7.pdf>]
<main_edited_files/figure-latex/cv_vis_xgboost-9.pdf, id=339, 469.755pt x 325.2
15pt>
File: main_edited_files/figure-latex/cv_vis_xgboost-9.pdf Graphic file (type pd
f)
<use main_edited_files/figure-latex/cv_vis_xgboost-9.pdf>
Package pdftex.def Info: main_edited_files/figure-latex/cv_vis_xgboost-9.pdf  u
sed on input line 931.
(pdftex.def)             Requested size: 469.75386pt x 325.2142pt.
[25 <./main_edited_files/figure-latex/cv_vis_xgboost-8.pdf>]
<main_edited_files/figure-latex/cv_vis_xgboost-10.pdf, id=350, 469.755pt x 325.
215pt>
File: main_edited_files/figure-latex/cv_vis_xgboost-10.pdf Graphic file (type p
df)
<use main_edited_files/figure-latex/cv_vis_xgboost-10.pdf>
Package pdftex.def Info: main_edited_files/figure-latex/cv_vis_xgboost-10.pdf  
used on input line 943.
(pdftex.def)             Requested size: 469.75386pt x 325.2142pt.
[26 <./main_edited_files/figure-latex/cv_vis_xgboost-9.pdf>] [27 <./main_edited
_files/figure-latex/cv_vis_xgboost-10.pdf>] [28]
Overfull \hbox (65.74342pt too wide) in paragraph at lines 1069--1069
[]\T1/lmtt/m/n/10 ## The accuracy of the xgboost model (eta = 0.1, nrounds = 60
0, lambda = 0.1, gamma = 0) is 70.86316%.[] 
 []


Overfull \hbox (39.4935pt too wide) in paragraph at lines 1073--1073
[]\T1/lmtt/m/n/10 ## The AUC of the xgboost model (eta = 0.1, nrounds = 600, la
mbda = 0.1, gamma = 0) is 0.7970021.[] 
 []

[29] [30]
<main_edited_files/figure-latex/cv_vis_pcasvm-1.pdf, id=389, 469.755pt x 325.21
5pt>
File: main_edited_files/figure-latex/cv_vis_pcasvm-1.pdf Graphic file (type pdf
)
<use main_edited_files/figure-latex/cv_vis_pcasvm-1.pdf>
Package pdftex.def Info: main_edited_files/figure-latex/cv_vis_pcasvm-1.pdf  us
ed on input line 1212.
(pdftex.def)             Requested size: 469.75386pt x 325.2142pt.
<main_edited_files/figure-latex/cv_vis_pcasvm-2.pdf, id=390, 469.755pt x 325.21
5pt>
File: main_edited_files/figure-latex/cv_vis_pcasvm-2.pdf Graphic file (type pdf
)
<use main_edited_files/figure-latex/cv_vis_pcasvm-2.pdf>
Package pdftex.def Info: main_edited_files/figure-latex/cv_vis_pcasvm-2.pdf  us
ed on input line 1220.
(pdftex.def)             Requested size: 469.75386pt x 325.2142pt.
[31 <./main_edited_files/figure-latex/cv_vis_pcasvm-1.pdf>]
<main_edited_files/figure-latex/cv_vis_pcasvm-3.pdf, id=401, 469.755pt x 325.21
5pt>
File: main_edited_files/figure-latex/cv_vis_pcasvm-3.pdf Graphic file (type pdf
)
<use main_edited_files/figure-latex/cv_vis_pcasvm-3.pdf>
Package pdftex.def Info: main_edited_files/figure-latex/cv_vis_pcasvm-3.pdf  us
ed on input line 1228.
(pdftex.def)             Requested size: 469.75386pt x 325.2142pt.
[32 <./main_edited_files/figure-latex/cv_vis_pcasvm-2.pdf>] [33 <./main_edited_
files/figure-latex/cv_vis_pcasvm-3.pdf>] [34] [35]
<main_edited_files/figure-latex/cv_vis_rf-1.pdf, id=435, 469.755pt x 325.215pt>

File: main_edited_files/figure-latex/cv_vis_rf-1.pdf Graphic file (type pdf)
<use main_edited_files/figure-latex/cv_vis_rf-1.pdf>
Package pdftex.def Info: main_edited_files/figure-latex/cv_vis_rf-1.pdf  used o
n input line 1493.
(pdftex.def)             Requested size: 469.75386pt x 325.2142pt.
<main_edited_files/figure-latex/cv_vis_rf-2.pdf, id=436, 469.755pt x 325.215pt>

File: main_edited_files/figure-latex/cv_vis_rf-2.pdf Graphic file (type pdf)
<use main_edited_files/figure-latex/cv_vis_rf-2.pdf>
Package pdftex.def Info: main_edited_files/figure-latex/cv_vis_rf-2.pdf  used o
n input line 1494.
(pdftex.def)             Requested size: 469.75386pt x 325.2142pt.

Underfull \hbox (badness 10000) in paragraph at lines 1493--1495
[][]
 []

[36] [37 <./main_edited_files/figure-latex/cv_vis_rf-1.pdf>] [38 <./main_edited
_files/figure-latex/cv_vis_rf-2.pdf>] [39]
<main_edited_files/figure-latex/cv_vis_rforestw-1.pdf, id=470, 469.755pt x 325.
215pt>
File: main_edited_files/figure-latex/cv_vis_rforestw-1.pdf Graphic file (type p
df)
<use main_edited_files/figure-latex/cv_vis_rforestw-1.pdf>
Package pdftex.def Info: main_edited_files/figure-latex/cv_vis_rforestw-1.pdf  
used on input line 1691.
(pdftex.def)             Requested size: 469.75386pt x 325.2142pt.
[40]
<main_edited_files/figure-latex/cv_vis_rforestw-2.pdf, id=479, 469.755pt x 325.
215pt>
File: main_edited_files/figure-latex/cv_vis_rforestw-2.pdf Graphic file (type p
df)
<use main_edited_files/figure-latex/cv_vis_rforestw-2.pdf>
Package pdftex.def Info: main_edited_files/figure-latex/cv_vis_rforestw-2.pdf  
used on input line 1701.
(pdftex.def)             Requested size: 469.75386pt x 325.2142pt.
[41 <./main_edited_files/figure-latex/cv_vis_rforestw-1.pdf>]
<main_edited_files/figure-latex/cv_vis_rforestw-3.pdf, id=490, 469.755pt x 325.
215pt>
File: main_edited_files/figure-latex/cv_vis_rforestw-3.pdf Graphic file (type p
df)
<use main_edited_files/figure-latex/cv_vis_rforestw-3.pdf>
Package pdftex.def Info: main_edited_files/figure-latex/cv_vis_rforestw-3.pdf  
used on input line 1714.
(pdftex.def)             Requested size: 469.75386pt x 325.2142pt.
[42 <./main_edited_files/figure-latex/cv_vis_rforestw-2.pdf>]
<main_edited_files/figure-latex/cv_vis_rforestw-4.pdf, id=501, 469.755pt x 325.
215pt>
File: main_edited_files/figure-latex/cv_vis_rforestw-4.pdf Graphic file (type p
df)
<use main_edited_files/figure-latex/cv_vis_rforestw-4.pdf>
Package pdftex.def Info: main_edited_files/figure-latex/cv_vis_rforestw-4.pdf  
used on input line 1726.
(pdftex.def)             Requested size: 469.75386pt x 325.2142pt.
[43 <./main_edited_files/figure-latex/cv_vis_rforestw-3.pdf>]
<main_edited_files/figure-latex/cv_vis_rforestw-5.pdf, id=512, 469.755pt x 325.
215pt>
File: main_edited_files/figure-latex/cv_vis_rforestw-5.pdf Graphic file (type p
df)
<use main_edited_files/figure-latex/cv_vis_rforestw-5.pdf>
Package pdftex.def Info: main_edited_files/figure-latex/cv_vis_rforestw-5.pdf  
used on input line 1738.
(pdftex.def)             Requested size: 469.75386pt x 325.2142pt.
[44 <./main_edited_files/figure-latex/cv_vis_rforestw-4.pdf>]
<main_edited_files/figure-latex/cv_vis_rforestw-6.pdf, id=522, 469.755pt x 325.
215pt>
File: main_edited_files/figure-latex/cv_vis_rforestw-6.pdf Graphic file (type p
df)
<use main_edited_files/figure-latex/cv_vis_rforestw-6.pdf>
Package pdftex.def Info: main_edited_files/figure-latex/cv_vis_rforestw-6.pdf  
used on input line 1751.
(pdftex.def)             Requested size: 469.75386pt x 325.2142pt.
[45 <./main_edited_files/figure-latex/cv_vis_rforestw-5.pdf>]
<main_edited_files/figure-latex/cv_vis_rforestw-7.pdf, id=532, 469.755pt x 325.
215pt>
File: main_edited_files/figure-latex/cv_vis_rforestw-7.pdf Graphic file (type p
df)
<use main_edited_files/figure-latex/cv_vis_rforestw-7.pdf>
Package pdftex.def Info: main_edited_files/figure-latex/cv_vis_rforestw-7.pdf  
used on input line 1763.
(pdftex.def)             Requested size: 469.75386pt x 325.2142pt.
[46 <./main_edited_files/figure-latex/cv_vis_rforestw-6.pdf>]
<main_edited_files/figure-latex/cv_vis_rforestw-8.pdf, id=542, 469.755pt x 325.
215pt>
File: main_edited_files/figure-latex/cv_vis_rforestw-8.pdf Graphic file (type p
df)
<use main_edited_files/figure-latex/cv_vis_rforestw-8.pdf>
Package pdftex.def Info: main_edited_files/figure-latex/cv_vis_rforestw-8.pdf  
used on input line 1775.
(pdftex.def)             Requested size: 469.75386pt x 325.2142pt.
[47 <./main_edited_files/figure-latex/cv_vis_rforestw-7.pdf>] [48 <./main_edite
d_files/figure-latex/cv_vis_rforestw-8.pdf>]
Overfull \hbox (55.24345pt too wide) in paragraph at lines 1885--1885
[]\T1/lmtt/m/n/10 ## The accuracy of the random forest with weights model (ntre
es = 6000, max_depth = 0) is 66.12632%.[] 
 []


Overfull \hbox (34.24352pt too wide) in paragraph at lines 1889--1889
[]\T1/lmtt/m/n/10 ## The AUC of the random forest with weights  model (ntrees =
 6000, max_depth = 0) is 0.6612632.[] 
 []

[49] [50] [51] [52] [53] [54] (./main_edited.aux)
Package rerunfilecheck Info: File `main_edited.out' has not changed.
(rerunfilecheck)             Checksum: 1F32B87FFC326D2431AD98CBF3D8E072;6636.
 ) 
Here is how much of TeX's memory you used:
 11238 strings out of 481433
 171193 string characters out of 5918562
 471369 words of memory out of 5000000
 27656 multiletter control sequences out of 15000+600000
 569663 words of font info for 56 fonts, out of 8000000 for 9000
 14 hyphenation exceptions out of 8191
 66i,6n,72p,554b,466s stack positions out of 5000i,500n,10000p,200000b,80000s
{c:/Users/yinwe/AppData/Roaming/TinyTeX/texmf-dist/fonts/enc/dvips/lm/lm-ts1.
enc}{c:/Users/yinwe/AppData/Roaming/TinyTeX/texmf-dist/fonts/enc/dvips/lm/lm-ec
.enc}<c:/Users/yinwe/AppData/Roaming/TinyTeX/texmf-dist/fonts/type1/public/lm/l
mbx10.pfb><c:/Users/yinwe/AppData/Roaming/TinyTeX/texmf-dist/fonts/type1/public
/lm/lmbx12.pfb><c:/Users/yinwe/AppData/Roaming/TinyTeX/texmf-dist/fonts/type1/p
ublic/lm/lmr10.pfb><c:/Users/yinwe/AppData/Roaming/TinyTeX/texmf-dist/fonts/typ
e1/public/lm/lmr12.pfb><c:/Users/yinwe/AppData/Roaming/TinyTeX/texmf-dist/fonts
/type1/public/lm/lmr17.pfb><c:/Users/yinwe/AppData/Roaming/TinyTeX/texmf-dist/f
onts/type1/public/lm/lmtk10.pfb><c:/Users/yinwe/AppData/Roaming/TinyTeX/texmf-d
ist/fonts/type1/public/lm/lmtt10.pfb><c:/Users/yinwe/AppData/Roaming/TinyTeX/te
xmf-dist/fonts/type1/public/lm/lmtti10.pfb>
Output written on main_edited.pdf (54 pages, 3085320 bytes).
PDF statistics:
 654 PDF objects out of 1000 (max. 8388607)
 512 compressed objects within 6 object streams
 130 named destinations out of 1000 (max. 500000)
 369 words of extra memory for PDF output out of 10000 (max. 10000000)

